Log file open, 10/15/18 23:27:35
LogWindows: Failed to load 'aqProf.dll' (GetLastError=126)
LogWindows: File 'aqProf.dll' does not exist
LogWindows: Failed to load 'VSPerf140.dll' (GetLastError=126)
LogWindows: File 'VSPerf140.dll' does not exist
LogWindows: Failed to load 'VtuneApi.dll' (GetLastError=126)
LogWindows: File 'VtuneApi.dll' does not exist
LogWindows: Failed to load 'VtuneApi32e.dll' (GetLastError=126)
LogWindows: File 'VtuneApi32e.dll' does not exist
LogInit: Display: Running engine without a game
LogPlatformFile: Not using cached read wrapper
LogInit: Display: Loading recent project file: ../../../../../../Users/Peter/Desktop/Github/Asset_Pipelline_PJH/WoodTextures/WoodenSkins/WoodenSkins.uproject
LogTaskGraph: Started task graph with 5 named threads and 11 total threads with 3 sets of task threads.
LogStats: Stats thread started at 0.948897
LogD3D11RHI: Loaded GFSDK_Aftermath_Lib.x64.dll
LogICUInternationalization: Display: ICU TimeZone Detection - Raw Offset: -7:00, Platform Override: ''
LogPluginManager: Mounting plugin Paper2D
LogPluginManager: Mounting plugin AISupport
LogPluginManager: Mounting plugin LightPropagationVolume
LogPluginManager: Mounting plugin CLionSourceCodeAccess
LogPluginManager: Mounting plugin CodeLiteSourceCodeAccess
LogPluginManager: Mounting plugin GitSourceControl
LogPluginManager: Mounting plugin KDevelopSourceCodeAccess
LogPluginManager: Mounting plugin NullSourceCodeAccess
LogPluginManager: Mounting plugin PerforceSourceControl
LogPluginManager: Mounting plugin SubversionSourceControl
LogPluginManager: Mounting plugin UObjectPlugin
LogPluginManager: Mounting plugin VisualStudioCodeSourceCodeAccess
LogPluginManager: Mounting plugin VisualStudioSourceCodeAccess
LogPluginManager: Mounting plugin XCodeSourceCodeAccess
LogPluginManager: Mounting plugin AssetManagerEditor
LogPluginManager: Mounting plugin CryptoKeys
LogPluginManager: Mounting plugin DataValidation
LogPluginManager: Mounting plugin FacialAnimation
LogPluginManager: Mounting plugin GameplayTagsEditor
LogPluginManager: Mounting plugin MacGraphicsSwitching
LogPluginManager: Mounting plugin MeshEditor
LogPluginManager: Mounting plugin MobileLauncherProfileWizard
LogPluginManager: Mounting plugin PluginBrowser
LogPluginManager: Mounting plugin SpeedTreeImporter
LogPluginManager: Mounting plugin DatasmithContent
LogPluginManager: Mounting plugin AlembicImporter
LogPluginManager: Mounting plugin AppleImageUtils
LogPluginManager: Mounting plugin AppleVision
LogPluginManager: Mounting plugin BackChannel
LogPluginManager: Mounting plugin CharacterAI
LogPluginManager: Mounting plugin GeometryCache
LogPluginManager: Mounting plugin HTML5Networking
LogPluginManager: Mounting plugin ProxyLODPlugin
LogPluginManager: Mounting plugin MagicLeap
LogPluginManager: Mounting plugin MagicLeapEmulator
LogPluginManager: Mounting plugin MagicLeapMedia
LogPluginManager: Mounting plugin AndroidMedia
LogPluginManager: Mounting plugin AvfMedia
LogPluginManager: Mounting plugin ImgMedia
LogPluginManager: Mounting plugin LinearTimecode
LogPluginManager: Mounting plugin MediaCompositing
LogPluginManager: Mounting plugin MediaPlayerEditor
LogPluginManager: Mounting plugin WmfMedia
LogPluginManager: Mounting plugin TcpMessaging
LogPluginManager: Mounting plugin UdpMessaging
LogPluginManager: Mounting plugin ActorSequence
LogPluginManager: Mounting plugin LevelSequenceEditor
LogPluginManager: Mounting plugin MatineeToLevelSequence
LogPluginManager: Mounting plugin NetcodeUnitTest
LogPluginManager: Mounting plugin NUTUnrealEngine4
LogPluginManager: Mounting plugin OnlineSubsystemGooglePlay
LogPluginManager: Mounting plugin OnlineSubsystemIOS
LogPluginManager: Mounting plugin OnlineSubsystem
LogPluginManager: Mounting plugin OnlineSubsystemNull
LogPluginManager: Mounting plugin OnlineSubsystemUtils
LogPluginManager: Mounting plugin LauncherChunkInstaller
LogPluginManager: Mounting plugin AndroidDeviceProfileSelector
LogPluginManager: Mounting plugin AndroidMoviePlayer
LogPluginManager: Mounting plugin AndroidPermission
LogPluginManager: Mounting plugin AppleMoviePlayer
LogPluginManager: Mounting plugin ArchVisCharacter
LogPluginManager: Mounting plugin AudioCapture
LogPluginManager: Mounting plugin CableComponent
LogPluginManager: Mounting plugin CustomMeshComponent
LogPluginManager: Mounting plugin EditableMesh
LogPluginManager: Mounting plugin ExampleDeviceProfileSelector
LogPluginManager: Mounting plugin GoogleCloudMessaging
LogPluginManager: Mounting plugin ImmediatePhysics
LogPluginManager: Mounting plugin IOSDeviceProfileSelector
LogPluginManager: Mounting plugin LinuxDeviceProfileSelector
LogPluginManager: Mounting plugin LocationServicesBPLibrary
LogPluginManager: Mounting plugin MobilePatchingUtils
LogPluginManager: Mounting plugin OculusVR
LogPluginManager: Plugin shader directory ../../../Engine/Plugins/Runtime/Oculus/OculusVR/Shaders found
LogPluginManager: Mapping shader source directory ../../../Engine/Plugins/Runtime/Oculus/OculusVR/Shaders to virtual directory /Plugin/OculusVR
LogPluginManager: Mounting plugin PhysXVehicles
LogPluginManager: Mounting plugin ProceduralMeshComponent
LogPluginManager: Mounting plugin RuntimePhysXCooking
LogPluginManager: Mounting plugin SteamVR
LogPluginManager: Mounting plugin WindowsMoviePlayer
LogStreaming: Display: Took  0.756s to configure plugins.
LogInit: Using libcurl 7.55.1-DEV
LogInit:  - built for x86_64-pc-win32
LogInit:  - supports SSL with OpenSSL/1.0.2h
LogInit:  - supports HTTP deflate (compression) using libz 1.2.8
LogInit:  - other features:
LogInit:      CURL_VERSION_SSL
LogInit:      CURL_VERSION_LIBZ
LogInit:      CURL_VERSION_IPV6
LogInit:      CURL_VERSION_ASYNCHDNS
LogInit:      CURL_VERSION_LARGEFILE
LogInit:      CURL_VERSION_IDN
LogInit:  CurlRequestOptions (configurable via config and command line):
LogInit:  - bVerifyPeer = false  - Libcurl will NOT verify peer certificate
LogInit:  - bUseHttpProxy = false  - Libcurl will NOT use HTTP proxy
LogInit:  - bDontReuseConnections = false  - Libcurl will reuse connections
LogInit:  - CertBundlePath = nullptr  - Libcurl will use whatever was configured at build time.
LogInit:  - MaxHostConnections = 16  - Libcurl will limit the number of connections to a host
LogInit:  - LocalHostAddr = Default
LogInit:  - BufferSize = 65536
LogInit: WinSock: version 1.1 (2.2), MaxSocks=32767, MaxUdp=65467
LogInit: Build: ++UE4+Release-4.20-CL-4302132
LogInit: Engine Version: 4.20.2-4302132+++UE4+Release-4.20
LogInit: Compatible Engine Version: 4.20.0-4212847+++UE4+Release-4.20
LogInit: Net CL: 4212847
LogInit: OS: Windows 10 (), CPU: AMD A10-8700P Radeon R6, 10 Compute Cores 4C+6G, GPU: AMD Radeon(TM) R6 Graphics
LogInit: Compiled (64-bit): Aug 21 2018 02:06:06
LogInit: Compiled with Visual C++: 19.13.26129.00
LogInit: Build Configuration: Development
LogInit: Branch Name: ++UE4+Release-4.20
LogInit: Command Line: 
LogInit: Base Directory: C:/Program Files/Epic Games/UE_4.20/Engine/Binaries/Win64/
LogInit: Installed Engine Build: 1
LogDevObjectVersion: Number of dev versions registered: 20
LogDevObjectVersion:   Dev-Blueprints (B0D832E4-1F89-4F0D-ACCF-7EB736FD4AA2): 10
LogDevObjectVersion:   Dev-Build (E1C64328-A22C-4D53-A36C-8E866417BD8C): 0
LogDevObjectVersion:   Dev-Core (375EC13C-06E4-48FB-B500-84F0262A717E): 2
LogDevObjectVersion:   Dev-Editor (E4B068ED-F494-42E9-A231-DA0B2E46BB41): 24
LogDevObjectVersion:   Dev-Framework (CFFC743F-43B0-4480-9391-14DF171D2073): 34
LogDevObjectVersion:   Dev-Mobile (B02B49B5-BB20-44E9-A304-32B752E40360): 2
LogDevObjectVersion:   Dev-Networking (A4E4105C-59A1-49B5-A7C5-40C4547EDFEE): 0
LogDevObjectVersion:   Dev-Online (39C831C9-5AE6-47DC-9A44-9C173E1C8E7C): 0
LogDevObjectVersion:   Dev-Physics (78F01B33-EBEA-4F98-B9B4-84EACCB95AA2): 0
LogDevObjectVersion:   Dev-Platform (6631380F-2D4D-43E0-8009-CF276956A95A): 0
LogDevObjectVersion:   Dev-Rendering (12F88B9F-8875-4AFC-A67C-D90C383ABD29): 26
LogDevObjectVersion:   Dev-Sequencer (7B5AE74C-D270-4C10-A958-57980B212A5A): 9
LogDevObjectVersion:   Dev-VR (D7296918-1DD6-4BDD-9DE2-64A83CC13884): 2
LogDevObjectVersion:   Dev-LoadTimes (C2A15278-BFE7-4AFE-6C17-90FF531DF755): 1
LogDevObjectVersion:   Private-Geometry (6EACA3D4-40EC-4CC1-B786-8BED09428FC5): 3
LogDevObjectVersion:   Dev-AnimPhys (29E575DD-E0A3-4627-9D10-D276232CDCEA): 17
LogDevObjectVersion:   Dev-ReflectionCapture (6B266CEC-1EC7-4B8F-A30B-E4D90942FC07): 1
LogDevObjectVersion:   Dev-Automation (0DF73D61-A23F-47EA-B727-89E90C41499A): 1
LogDevObjectVersion:   FortniteMain (601D1886-AC64-4F84-AA16-D3DE0DEAC7D6): 12
LogDevObjectVersion:   Dev-Enterprise (9DFFBCD6-494F-0158-E221-12823C92A888): 1
LogStreaming: Display: Took  0.018s to delete old logs.
LogInit: Presizing for max 8388607 objects, including 0 objects not considered by GC, pre-allocating 0 bytes for permanent pool.
LogInit: Object subsystem initialized
[2018.10.16-05.27.40:520][  0]LogInit: Selected Device Profile: [Windows]
[2018.10.16-05.27.40:520][  0]LogInit: Applying CVar settings loaded from the selected device profile: [Windows]
[2018.10.16-05.27.40:612][  0]LogHAL: Display: Platform has ~ 8 GB [7999053824 / 8589934592 / 8], which maps to Default [LargestMinGB=32, LargerMinGB=12, DefaultMinGB=8, SmallerMinGB=6, SmallestMinGB=0)
[2018.10.16-05.27.40:612][  0]LogInit: Setting Device Profile CVar: [[r.Vulkan.UseRealUBs:1]]
[2018.10.16-05.27.40:612][  0]LogInit: Going up to parent DeviceProfile []
[2018.10.16-05.27.40:613][  0]LogInit: Computer: DESKTOP-K009S2H
[2018.10.16-05.27.40:613][  0]LogInit: User: Peter
[2018.10.16-05.27.40:614][  0]LogInit: CPU Page size=4096, Cores=2
[2018.10.16-05.27.40:614][  0]LogInit: High frequency timer resolution =1.754521 MHz
[2018.10.16-05.27.40:615][  0]LogMemory: Memory total: Physical=7.4GB (8GB approx)
[2018.10.16-05.27.40:615][  0]LogMemory: Platform Memory Stats for Windows
[2018.10.16-05.27.40:615][  0]LogMemory: Process Physical Memory: 100.19 MB used, 100.19 MB peak
[2018.10.16-05.27.40:615][  0]LogMemory: Process Virtual Memory: 84.39 MB used, 84.39 MB peak
[2018.10.16-05.27.40:615][  0]LogMemory: Physical Memory: 5294.83 MB used,  2333.66 MB free, 7628.49 MB total
[2018.10.16-05.27.40:615][  0]LogMemory: Virtual Memory: 485.65 MB used,  2333.66 MB free, 134217728.00 MB total
[2018.10.16-05.27.43:371][  0]LogInit: Using OS detected language (en-US).
[2018.10.16-05.27.43:371][  0]LogInit: Using OS detected locale (en-US).
[2018.10.16-05.27.43:403][  0]LogTextLocalizationManager: No specific localization for 'en-US' exists, so the 'en' localization will be used.
[2018.10.16-05.27.47:179][  0]LogStreaming: Display: Took  3.807s to InitEngineTextLocalization.
[2018.10.16-05.27.47:179][  0]LogInit: Setting process to per monitor DPI aware
[2018.10.16-05.27.48:064][  0]LogSlate: New Slate User Created.  User Index 0, Is Virtual User: 0
[2018.10.16-05.27.48:064][  0]LogSlate: Slate User Registered.  User Index 0, Is Virtual User: 0
[2018.10.16-05.28.11:090][  0]LogHMD: Failed to initialize OpenVR with code 110
[2018.10.16-05.28.11:090][  0]LogD3D11RHI: D3D11 adapters:
[2018.10.16-05.28.11:133][  0]LogD3D11RHI:    0. 'AMD Radeon(TM) R6 Graphics' (Feature Level 11_0)
[2018.10.16-05.28.11:133][  0]LogD3D11RHI:       488/0/3814 MB DedicatedVideo/DedicatedSystem/SharedSystem, Outputs:1, VendorId:0x1002
[2018.10.16-05.28.11:137][  0]LogD3D11RHI:    1. 'Microsoft Basic Render Driver' (Feature Level 11_0)
[2018.10.16-05.28.11:138][  0]LogD3D11RHI:       0/0/3814 MB DedicatedVideo/DedicatedSystem/SharedSystem, Outputs:0, VendorId:0x1414
[2018.10.16-05.28.11:138][  0]LogD3D11RHI: Chosen D3D11 Adapter: 0
[2018.10.16-05.28.11:160][  0]LogD3D11RHI: Creating new Direct3DDevice
[2018.10.16-05.28.11:160][  0]LogD3D11RHI:     GPU DeviceId: 0x9874 (for the marketing name, search the web for "GPU Device Id")
[2018.10.16-05.28.11:160][  0]LogWindows: EnumDisplayDevices:
[2018.10.16-05.28.11:160][  0]LogWindows:    0. 'AMD Radeon(TM) R6 Graphics' (P:1 D:1)
[2018.10.16-05.28.11:162][  0]LogWindows:    1. 'AMD Radeon(TM) R6 Graphics' (P:0 D:0)
[2018.10.16-05.28.11:164][  0]LogWindows:    2. 'AMD Radeon(TM) R6 Graphics' (P:0 D:0)
[2018.10.16-05.28.11:165][  0]LogWindows: DebugString: FoundDriverCount:3 
[2018.10.16-05.28.11:165][  0]LogD3D11RHI:     Adapter Name: AMD Radeon(TM) R6 Graphics
[2018.10.16-05.28.11:165][  0]LogD3D11RHI:   Driver Version: 15.201.1101.0 (internal:15.201.1101.0, unified:15.201.1101.0)
[2018.10.16-05.28.11:165][  0]LogD3D11RHI:      Driver Date: 8-6-2015
[2018.10.16-05.28.11:165][  0]LogRHI: Texture pool is 341 MB (70% of 488 MB)
[2018.10.16-05.28.11:268][  0]LogD3D11RHI: Async texture creation enabled
[2018.10.16-05.28.11:303][  0]LogD3D11RHI: GPU Timing Frequency: 100.000000 (Debug: 2 1)
[2018.10.16-05.28.11:309][  0]LogShaderCompilers: Guid format shader working directory is -43 characters bigger than the processId version (../../../../../../Users/Peter/Desktop/Github/Asset_Pipelline_PJH/WoodTextures/WoodenSkins/Intermediate/Shaders/WorkingDirectory/4364/).
[2018.10.16-05.28.11:310][  0]LogShaderCompilers: Cleaned the shader compiler working directory 'C:/Users/Peter/AppData/Local/Temp/UnrealShaderWorkingDir/CC5B475B44D433E39146F0853C82F063/'.
[2018.10.16-05.28.15:838][  0]LogTemp: Display: Loaded TP AllDesktopTargetPlatform
[2018.10.16-05.28.15:926][  0]LogTemp: Display: Loaded TP MacClientTargetPlatform
[2018.10.16-05.28.16:015][  0]LogTemp: Display: Loaded TP MacNoEditorTargetPlatform
[2018.10.16-05.28.16:095][  0]LogTemp: Display: Loaded TP MacServerTargetPlatform
[2018.10.16-05.28.16:251][  0]LogTemp: Display: Loaded TP MacTargetPlatform
[2018.10.16-05.28.16:335][  0]LogTemp: Display: Loaded TP WindowsClientTargetPlatform
[2018.10.16-05.28.16:715][  0]LogTemp: Display: Loaded TP WindowsNoEditorTargetPlatform
[2018.10.16-05.28.16:799][  0]LogTemp: Display: Loaded TP WindowsServerTargetPlatform
[2018.10.16-05.28.16:868][  0]LogTemp: Display: Loaded TP WindowsTargetPlatform
[2018.10.16-05.28.17:209][  0]LogTemp: Display: Loaded TP AndroidTargetPlatform
[2018.10.16-05.28.17:209][  0]LogTemp: Display: Loaded TP AndroidTargetPlatform
[2018.10.16-05.28.17:209][  0]LogTemp: Display: Loaded TP AndroidTargetPlatform
[2018.10.16-05.28.17:209][  0]LogTemp: Display: Loaded TP AndroidTargetPlatform
[2018.10.16-05.28.17:209][  0]LogTemp: Display: Loaded TP AndroidTargetPlatform
[2018.10.16-05.28.17:209][  0]LogTemp: Display: Loaded TP AndroidTargetPlatform
[2018.10.16-05.28.17:209][  0]LogTemp: Display: Loaded TP AndroidTargetPlatform
[2018.10.16-05.28.17:209][  0]LogTemp: Display: Loaded TP AndroidTargetPlatform
[2018.10.16-05.28.17:209][  0]LogTemp: Display: Loaded TP AndroidTargetPlatform
[2018.10.16-05.28.17:209][  0]LogTemp: Display: Loaded TP AndroidTargetPlatform
[2018.10.16-05.28.17:209][  0]LogTemp: Display: Loaded TP AndroidTargetPlatform
[2018.10.16-05.28.17:209][  0]LogTemp: Display: Loaded TP AndroidTargetPlatform
[2018.10.16-05.28.17:209][  0]LogTemp: Display: Loaded TP AndroidTargetPlatform
[2018.10.16-05.28.17:209][  0]LogTemp: Display: Loaded TP AndroidTargetPlatform
[2018.10.16-05.28.17:209][  0]LogTemp: Display: Loaded TP AndroidTargetPlatform
[2018.10.16-05.28.17:209][  0]LogTemp: Display: Loaded TP AndroidTargetPlatform
[2018.10.16-05.28.17:209][  0]LogTemp: Display: Loaded TP AndroidTargetPlatform
[2018.10.16-05.28.17:209][  0]LogTemp: Display: Loaded TP AndroidTargetPlatform
[2018.10.16-05.28.17:272][  0]LogTemp: Display: Loaded TP HTML5TargetPlatform
[2018.10.16-05.28.17:620][  0]LogTemp: Display: Loaded TP IOSTargetPlatform
[2018.10.16-05.28.17:620][  0]LogTemp: Display: Loaded TP IOSTargetPlatform
[2018.10.16-05.28.17:756][  0]LogTemp: Display: Loaded TP TVOSTargetPlatform
[2018.10.16-05.28.17:756][  0]LogTemp: Display: Loaded TP TVOSTargetPlatform
[2018.10.16-05.28.18:027][  0]LogTemp: Display: Loaded TP LinuxClientTargetPlatform
[2018.10.16-05.28.18:229][  0]LogTemp: Display: Loaded TP LinuxNoEditorTargetPlatform
[2018.10.16-05.28.18:294][  0]LogTemp: Display: Loaded TP LinuxServerTargetPlatform
[2018.10.16-05.28.18:480][  0]LogTemp: Display: Loaded TP LinuxTargetPlatform
[2018.10.16-05.28.18:551][  0]LogTemp: Display: Loaded TP LuminTargetPlatform
[2018.10.16-05.28.18:551][  0]LogTargetPlatformManager: Display: Building Assets For Windows
[2018.10.16-05.28.21:592][  0]LogXGEController: Cannot use XGE Controller as Incredibuild is not installed on this machine.
[2018.10.16-05.28.21:593][  0]LogShaderCompilers: Cannot use XGE Shader Compiler as Incredibuild is not installed on this machine.
[2018.10.16-05.28.21:593][  0]LogShaderCompilers: Display: Using Local Shader Compiler.
[2018.10.16-05.28.24:482][  0]LogDerivedDataCache: Display: Max Cache Size: 512 MB
[2018.10.16-05.28.31:756][  0]LogDerivedDataCache: Loaded boot cache 7.26s 71MB C:/Users/Peter/AppData/Local/UnrealEngine/4.20/DerivedDataCache/Boot.ddc.
[2018.10.16-05.28.31:756][  0]LogDerivedDataCache: Display: Loaded Boot cache: C:/Users/Peter/AppData/Local/UnrealEngine/4.20/DerivedDataCache/Boot.ddc
[2018.10.16-05.28.31:757][  0]LogDerivedDataCache: FDerivedDataBackendGraph:  Pak pak cache file ../../../../../../Users/Peter/Desktop/Github/Asset_Pipelline_PJH/WoodTextures/WoodenSkins/DerivedDataCache/DDC.ddp not found, will not use a pak cache.
[2018.10.16-05.28.31:757][  0]LogDerivedDataCache: Unable to find inner node Pak for hierarchical cache Hierarchy.
[2018.10.16-05.28.31:757][  0]LogDerivedDataCache: FDerivedDataBackendGraph:  CompressedPak pak cache file ../../../../../../Users/Peter/Desktop/Github/Asset_Pipelline_PJH/WoodTextures/WoodenSkins/DerivedDataCache/Compressed.ddp not found, will not use a pak cache.
[2018.10.16-05.28.31:757][  0]LogDerivedDataCache: Unable to find inner node CompressedPak for hierarchical cache Hierarchy.
[2018.10.16-05.28.33:489][  0]LogDerivedDataCache: Display: Pak cache opened for reading ../../../Engine/DerivedDataCache/Compressed.ddp.
[2018.10.16-05.28.33:503][  0]LogDerivedDataCache: Using Local data cache path C:/Users/Peter/AppData/Local/UnrealEngine/Common/DerivedDataCache: Writable
[2018.10.16-05.28.33:503][  0]LogDerivedDataCache: Shared data cache path not found in *engine.ini, will not use an Shared cache.
[2018.10.16-05.28.33:503][  0]LogDerivedDataCache: Unable to find inner node Shared for hierarchical cache Hierarchy.
[2018.10.16-05.28.33:546][  0]LogMaterial: Verifying Global Shaders for PCD3D_SM5
[2018.10.16-05.28.33:548][  0]LogSlate: Using FreeType 2.6.0
[2018.10.16-05.28.33:907][  0]LogSlate: SlateFontServices - WITH_FREETYPE: 1, WITH_HARFBUZZ: 1
[2018.10.16-05.28.48:782][  0]LogAssetRegistry: FAssetRegistry took 0.0358 seconds to start up
[2018.10.16-05.28.50:485][  0]LogInit: Selected Device Profile: [Windows]
[2018.10.16-05.29.01:924][  0]LogSimplygon: Simplygon DLL not present - disabling.
[2018.10.16-05.29.06:489][  0]LogMeshReduction: Using SimplygonSwarm for distributed automatic mesh merging
[2018.10.16-05.29.06:489][  0]LogMeshReduction: Using ProxyLODMeshReduction for automatic mesh merging
[2018.10.16-05.29.06:489][  0]LogMeshReduction: Using QuadricMeshReduction for automatic static mesh reduction
[2018.10.16-05.29.06:489][  0]LogMeshReduction: No automatic skeletal mesh reduction module available
[2018.10.16-05.29.06:626][  0]LogNetVersion: WoodenSkins 1.0.0, NetCL: 4212847, EngineNetVer: 5, GameNetVer: 0 (Checksum: 1057704842)
[2018.10.16-05.29.14:204][  0]LogPackageLocalizationCache: Processed 11 localized package path(s) for 2 prioritized culture(s) in 0.925212 seconds
[2018.10.16-05.29.14:218][  0]LogUObjectArray: 38425 objects as part of root set at end of initial load.
[2018.10.16-05.29.14:218][  0]LogUObjectAllocator: 6690872 out of 0 bytes used by permanent object pool.
[2018.10.16-05.29.14:218][  0]LogUObjectArray: CloseDisregardForGC: 0/0 objects in disregard for GC pool
[2018.10.16-05.31.22:215][  0]LogTcpMessaging: Initializing TcpMessaging bridge
[2018.10.16-05.31.22:343][  0]LogUdpMessaging: Initializing bridge on interface 0.0.0.0:0 to multicast group 230.0.0.1:6666.
[2018.10.16-05.31.29:116][  0]SourceControl: Source control is disabled
[2018.10.16-05.31.29:152][  0]SourceControl: Source control is disabled
[2018.10.16-05.31.29:943][  0]SourceControl: Source control is disabled
[2018.10.16-05.31.30:166][  0]SourceControl: Source control is disabled
[2018.10.16-05.31.39:826][  0]LogAndroidPermission: UAndroidPermissionCallbackProxy::GetInstance
[2018.10.16-05.31.41:539][  0]LogOcInput: OculusInput pre-init called
[2018.10.16-05.31.43:381][  0]LogEngine: Initializing Engine...
[2018.10.16-05.31.43:574][  0]LogHMD: Failed to initialize OpenVR with code 110
[2018.10.16-05.31.43:607][  0]LogStats: UGameplayTagsManager::ConstructGameplayTagTree: ImportINI prefixes -  0.000 s
[2018.10.16-05.31.43:607][  0]LogStats: UGameplayTagsManager::ConstructGameplayTagTree: Construct from data asset -  0.000 s
[2018.10.16-05.31.43:607][  0]LogStats: UGameplayTagsManager::ConstructGameplayTagTree: ImportINI -  0.000 s
[2018.10.16-05.31.43:607][  0]LogStats: UGameplayTagsManager::ConstructGameplayTagTree: GameplayTagTreeChangedEvent.Broadcast -  0.000 s
[2018.10.16-05.31.44:164][  0]LogInit: Initializing FReadOnlyCVARCache
[2018.10.16-05.31.45:164][  0]LogAIModule: Creating AISystem for world Untitled
[2018.10.16-05.31.45:713][  0]LogInit: XAudio2 using 'Speaker/HP (Realtek High Definition Audio)' : 2 channels at 48 kHz using 32 bits per sample (channel mask 0x3)
[2018.10.16-05.31.47:181][  0]LogInit: FAudioDevice initialized.
[2018.10.16-05.31.47:211][  0]LogNetVersion: Set ProjectVersion to 1.0.0.0. Version Checksum will be recalculated on next use.
[2018.10.16-05.31.47:852][  0]LogDerivedDataCache: Saved boot cache 0.64s 71MB C:/Users/Peter/AppData/Local/UnrealEngine/4.20/DerivedDataCache/Boot.ddc.
[2018.10.16-05.31.47:873][  0]LogInit: Texture streaming: Enabled
[2018.10.16-05.31.48:513][  0]LogEngineSessionManager: EngineSessionManager initialized
[2018.10.16-05.31.49:442][  0]LogInit: Transaction tracking system initialized
[2018.10.16-05.31.50:823][  0]BlueprintLog: New page: Editor Load
[2018.10.16-05.31.59:513][  0]LocalizationService: Localization service is disabled
[2018.10.16-05.32.24:895][  0]LogFileCache: Scanning file cache for directory 'C:/Users/Peter/Desktop/Github/Asset_Pipelline_PJH/WoodTextures/WoodenSkins/Content/' took 0.20s
[2018.10.16-05.32.24:895][  0]LogCook: Display: Max memory allowance for cook 16384mb min free memory 0mb
[2018.10.16-05.32.24:907][  0]LogCook: Display: Mobile HDR setting 1
[2018.10.16-05.32.25:041][  0]LogGameplayTags: Display: UGameplayTagsManager::DoneAddingNativeTags. DelegateIsBound: 0
[2018.10.16-05.32.25:041][  0]LogStats: UGameplayTagsManager::ConstructGameplayTagTree: ImportINI prefixes -  0.000 s
[2018.10.16-05.32.25:041][  0]LogStats: UGameplayTagsManager::ConstructGameplayTagTree: Construct from data asset -  0.000 s
[2018.10.16-05.32.25:042][  0]LogStats: UGameplayTagsManager::ConstructGameplayTagTree: ImportINI -  0.000 s
[2018.10.16-05.32.25:042][  0]LogStats: UGameplayTagsManager::ConstructGameplayTagTree: GameplayTagTreeChangedEvent.Broadcast -  0.000 s
[2018.10.16-05.32.34:518][  0]SourceControl: Source control is disabled
[2018.10.16-05.32.34:710][  0]Cmd: MAP LOAD FILE="../../../../../../Users/Peter/Desktop/Github/Asset_Pipelline_PJH/WoodTextures/WoodenSkins/Content/StarterContent/Maps/Minimal_Default.umap" TEMPLATE=0 SHOWPROGRESS=1 FEATURELEVEL=3
[2018.10.16-05.32.34:780][  0]LogEditorServer: Warning: Can't find file '../../../../../../Users/Peter/Desktop/Github/Asset_Pipelline_PJH/WoodTextures/WoodenSkins/Content/StarterContent/Maps/Minimal_Default.umap'
[2018.10.16-05.32.34:802][  0]Cmd: MAP CHECKDEP NOCLEARLOG
[2018.10.16-05.32.35:063][  0]MapCheck: Map check complete: 0 Error(s), 0 Warning(s), took 261.169ms to complete.
[2018.10.16-05.32.35:064][  0]LogFileHelpers: Loading map 'Minimal_Default' took 0.545
[2018.10.16-05.32.39:617][  0]LogSlate: Updating window title bar state: overlay mode, drag disabled, window buttons hidden, title bar hidden
[2018.10.16-05.32.39:794][  0]LogSlate: Updating window title bar state: overlay mode, drag disabled, window buttons hidden, title bar hidden
[2018.10.16-05.32.39:813][  0]LogSlate: Updating window title bar state: overlay mode, drag disabled, window buttons hidden, title bar hidden
[2018.10.16-05.32.39:834][  0]LogSlate: Updating window title bar state: overlay mode, drag disabled, window buttons hidden, title bar hidden
[2018.10.16-05.32.40:152][  0]LogCollectionManager: Loaded 0 collections in 0.004904 seconds
[2018.10.16-05.32.40:648][  0]LogFileCache: Scanning file cache for directory 'C:/Users/Peter/Desktop/Github/Asset_Pipelline_PJH/WoodTextures/WoodenSkins/Saved/Collections/' took 0.01s
[2018.10.16-05.32.40:648][  0]LogFileCache: Scanning file cache for directory 'C:/Users/Peter/Desktop/Github/Asset_Pipelline_PJH/WoodTextures/WoodenSkins/Content/Developers/Peter/Collections/' took 0.01s
[2018.10.16-05.32.40:648][  0]LogFileCache: Scanning file cache for directory 'C:/Users/Peter/Desktop/Github/Asset_Pipelline_PJH/WoodTextures/WoodenSkins/Content/Collections/' took 0.01s
[2018.10.16-05.32.40:648][  0]LogCollectionManager: Rebuilt the GUID cache for 0 collections in 0.000001 seconds
[2018.10.16-05.32.40:763][  0]LogContentBrowser: Native class hierarchy populated in 0.0730 seconds. Added 2572 classes and 603 folders.
[2018.10.16-05.32.41:070][  0]LogContentBrowser: Native class hierarchy updated for 'WidgetCarousel' in 0.0005 seconds. Added 0 classes and 0 folders.
[2018.10.16-05.32.49:083][  0]LogContentBrowser: Native class hierarchy updated for 'AddContentDialog' in 0.0007 seconds. Added 0 classes and 0 folders.
[2018.10.16-05.32.54:776][  0]LogSlate: Took 0.020908 seconds to synchronously load lazily loaded font '../../../Engine/Content/Slate/Fonts/Roboto-Regular.ttf' (155K)
[2018.10.16-05.32.54:885][  0]LogSlate: Took 0.094735 seconds to synchronously load lazily loaded font '../../../Engine/Content/Slate/Fonts/Roboto-Bold.ttf' (160K)
[2018.10.16-05.32.54:973][  0]LogSlate: Took 0.025645 seconds to synchronously load lazily loaded font '../../../Engine/Content/Editor/Slate/Fonts/FontAwesome.ttf' (139K)
[2018.10.16-05.32.56:242][  0]LogRenderer: Reallocating scene render targets to support 988x456 Format 10 NumSamples 1 (Frame:1).
[2018.10.16-05.33.00:614][  0]LogContentBrowser: Native class hierarchy updated for 'HierarchicalLODOutliner' in 0.0007 seconds. Added 0 classes and 0 folders.
[2018.10.16-05.33.00:615][  0]LogLoad: (Engine Initialization) Total time: 394.56 seconds
[2018.10.16-05.33.00:615][  0]LogLoad: (Engine Initialization) Total Blueprint compile time: 0.00 seconds
[2018.10.16-05.33.01:131][  0]LogContentStreaming: Texture pool size now 1000 MB
[2018.10.16-05.33.02:402][  7]LogAssetRegistry: Asset discovery search completed in 253.6445 seconds
[2018.10.16-05.33.02:408][  7]LogCollectionManager: Rebuilt the object cache for 0 collections in 0.000001 seconds (found 0 objects)
[2018.10.16-05.33.02:408][  7]LogCollectionManager: Fixed up redirectors for 0 collections in 0.000440 seconds (updated 0 objects)
[2018.10.16-05.33.05:964][ 17]LogSlate: Took 0.085182 seconds to synchronously load lazily loaded font '../../../Engine/Content/Slate/Fonts/Roboto-Light.ttf' (167K)
[2018.10.16-05.33.11:566][ 34]LogSlate: FSceneViewport::OnFocusLost() reason 0
[2018.10.16-05.33.15:333][181]LogSlate: Took 0.000615 seconds to synchronously load lazily loaded font '../../../Engine/Content/Slate/Fonts/Roboto-Light.ttf' (167K)
[2018.10.16-05.33.15:351][181]LogAssetEditorManager: Opening Asset editor for Material /Game/Materials/M_MasterWoodBlock_AP.M_MasterWoodBlock_AP
[2018.10.16-05.33.15:482][181]LogMaterial: Display: Missing cached shader map for material M_MasterWoodBlock_AP, compiling. 
[2018.10.16-05.33.17:383][181]LogMaterial: Display: Missing cached shader map for material M_MasterWoodBlock_AP, compiling. 
[2018.10.16-05.33.17:458][181]LogShaderCompilers: Display: Shaders left to compile 21
[2018.10.16-05.33.17:459][181]LogShaderCompilers: Display: Shaders left to compile 20
[2018.10.16-05.33.17:459][181]LogShaderCompilers: Display: Shaders left to compile 19
[2018.10.16-05.33.17:508][181]LogMaterial: Display: Missing cached shader map for material M_MasterWoodBlock_AP, compiling. 
[2018.10.16-05.33.17:591][181]LogMaterial: Display: Missing cached shader map for material FMatExpressionPreview MaterialExpressionTextureSampleParameter2D_1, compiling. 
[2018.10.16-05.33.17:601][181]LogMaterial: Display: Missing cached shader map for material FMatExpressionPreview MaterialExpressionTextureCoordinate_0, compiling. 
[2018.10.16-05.33.17:639][181]LogMaterial: Display: Missing cached shader map for material FMatExpressionPreview MaterialExpressionVectorParameter_0, compiling. 
[2018.10.16-05.33.17:648][181]LogMaterial: Display: Missing cached shader map for material FMatExpressionPreview MaterialExpressionTextureSampleParameter2D_0, compiling. 
[2018.10.16-05.33.17:785][181]LogMaterial: Display: Missing cached shader map for material FMatExpressionPreview MaterialExpressionTextureSampleParameter2D_2, compiling. 
[2018.10.16-05.33.18:637][181]LogSlate: Took 0.384332 seconds to synchronously load lazily loaded font '../../../Engine/Content/Slate/Fonts/Roboto-BoldCondensed.ttf' (158K)
[2018.10.16-05.33.20:426][182]LogSlate: Took 0.175764 seconds to synchronously load lazily loaded font '../../../Engine/Content/Slate/Fonts/Roboto-Italic.ttf' (157K)
[2018.10.16-05.33.22:350][197]LogShaderCompilers: Display: Shaders left to compile 31
[2018.10.16-05.33.22:428][198]LogShaderCompilers: Display: Shaders left to compile 30
[2018.10.16-05.33.22:428][198]LogShaderCompilers: Display: Shaders left to compile 29
[2018.10.16-05.33.24:745][208]LogShaderCompilers: Display: Shaders left to compile 28
[2018.10.16-05.33.24:815][209]LogShaderCompilers: Display: Shaders left to compile 27
[2018.10.16-05.33.25:016][211]LogShaderCompilers: Display: Shaders left to compile 26
[2018.10.16-05.33.26:132][222]LogShaderCompilers: Display: Shaders left to compile 25
[2018.10.16-05.33.26:403][226]LogShaderCompilers: Display: Shaders left to compile 24
[2018.10.16-05.33.26:491][227]LogShaderCompilers: Display: Shaders left to compile 23
[2018.10.16-05.33.27:257][234]LogShaderCompilers: Display: Shaders left to compile 22
[2018.10.16-05.33.27:431][237]LogShaderCompilers: Display: Shaders left to compile 21
[2018.10.16-05.33.27:638][240]LogShaderCompilers: Display: Shaders left to compile 20
[2018.10.16-05.33.28:937][284]LogShaderCompilers: Display: Shaders left to compile 19
[2018.10.16-05.33.29:974][326]LogShaderCompilers: Display: Shaders left to compile 18
[2018.10.16-05.33.30:178][330]LogShaderCompilers: Display: Shaders left to compile 17
[2018.10.16-05.33.31:844][369]LogShaderCompilers: Display: Shaders left to compile 16
[2018.10.16-05.33.31:889][370]LogShaderCompilers: Display: Shaders left to compile 15
[2018.10.16-05.33.32:898][394]LogShaderCompilers: Display: Shaders left to compile 14
[2018.10.16-05.33.34:449][429]LogShaderCompilers: Display: Shaders left to compile 13
[2018.10.16-05.33.34:655][434]LogShaderCompilers: Display: Shaders left to compile 12
[2018.10.16-05.33.34:987][442]LogShaderCompilers: Display: Shaders left to compile 11
[2018.10.16-05.33.36:562][479]LogShaderCompilers: Display: Shaders left to compile 10
[2018.10.16-05.33.37:140][493]LogShaderCompilers: Display: Shaders left to compile 9
[2018.10.16-05.33.37:392][499]LogShaderCompilers: Display: Shaders left to compile 8
[2018.10.16-05.33.37:468][499]MaterialEditorStats: Base pass shader: 119 instructions
[2018.10.16-05.33.37:468][499]MaterialEditorStats: Base pass shader with Volumetric Lightmap: 193 instructions
[2018.10.16-05.33.37:469][499]MaterialEditorStats: Base pass vertex shader: 36 instructions
[2018.10.16-05.33.37:469][499]MaterialEditorStats: Texture samplers: 6/16
[2018.10.16-05.33.37:469][499]MaterialEditorStats: Texture Lookups (Est.): VS(0), PS(3)
[2018.10.16-05.33.37:469][499]MaterialEditorStats: User interpolators: 2/4 Scalars (1/4 Vectors) (TexCoords: 2, Custom: 0)
[2018.10.16-05.33.38:369][529]LogShaderCompilers: Display: Shaders left to compile 7
[2018.10.16-05.33.38:656][535]LogShaderCompilers: Display: Shaders left to compile 6
[2018.10.16-05.33.39:340][548]LogShaderCompilers: Display: Shaders left to compile 5
[2018.10.16-05.33.39:610][555]LogShaderCompilers: Display: Shaders left to compile 4
[2018.10.16-05.33.40:482][575]LogShaderCompilers: Display: Shaders left to compile 3
[2018.10.16-05.33.40:621][578]LogShaderCompilers: Display: Shaders left to compile 2
[2018.10.16-05.33.41:688][602]LogShaderCompilers: Display: Shaders left to compile 1
[2018.10.16-05.34.47:306][192]LogSlate: Window 'M_MasterWoodBlock_AP' being destroyed
[2018.10.16-05.34.47:314][192]LogSlate: Window 'M_MasterWoodBlock_AP' being destroyed
[2018.10.16-05.34.49:768][259]LogAssetEditorManager: Opening Asset editor for MaterialInstanceConstant /Game/Materials/Child1.Child1
[2018.10.16-05.34.50:149][259]LogRenderer: Reallocating scene render targets to support 1112x744 Format 10 NumSamples 1 (Frame:1).
[2018.10.16-05.35.26:150][698]LogSlate: Window 'Child1' being destroyed
[2018.10.16-05.35.26:160][698]LogSlate: Window 'Child1' being destroyed
[2018.10.16-05.35.28:264][759]LogAssetEditorManager: Opening Asset editor for MaterialInstanceConstant /Game/Materials/Child2.Child2
[2018.10.16-05.35.50:694][965]LogSlate: Window 'Child2' being destroyed
[2018.10.16-05.35.50:706][965]LogSlate: Window 'Child2' being destroyed
[2018.10.16-05.35.52:334][  7]LogAssetEditorManager: Opening Asset editor for MaterialInstanceConstant /Game/Materials/Child3.Child3
[2018.10.16-05.36.22:808][338]LogSlate: Window 'Child3' being destroyed
[2018.10.16-05.36.22:818][338]LogSlate: Window 'Child3' being destroyed
[2018.10.16-05.36.24:917][400]LogSlate: Window 'WoodenSkins - Unreal Editor' being destroyed
[2018.10.16-05.36.24:918][400]LogWindowsTextInputMethodSystem: Display: IME system now deactivated.
[2018.10.16-05.36.25:593][401]Cmd: QUIT_EDITOR
[2018.10.16-05.36.26:060][401]LogExit: Preparing to exit.
[2018.10.16-05.36.27:096][401]LogExit: Editor shut down
[2018.10.16-05.36.27:099][401]LogExit: Transaction tracking system shut down
[2018.10.16-05.36.28:800][401]LogExit: Object subsystem successfully closed.
[2018.10.16-05.36.29:056][401]LogShaderCompilers: Display: Shaders left to compile 0
[2018.10.16-05.36.29:061][401]LogD3D11RHI: Shutdown
[2018.10.16-05.36.29:061][401]LogD3D11RHI: CleanupD3DDevice
[2018.10.16-05.36.29:127][401]LogD3D11RHI: ~FD3D11DynamicRHI
[2018.10.16-05.36.30:088][401]LogModuleManager: Shutting down and abandoning module HierarchicalLODOutliner (606)
[2018.10.16-05.36.30:088][401]LogModuleManager: Shutting down and abandoning module AddContentDialog (604)
[2018.10.16-05.36.30:089][401]LogModuleManager: Shutting down and abandoning module WidgetCarousel (603)
[2018.10.16-05.36.30:090][401]LogModuleManager: Shutting down and abandoning module EditorWidgets (600)
[2018.10.16-05.36.30:090][401]LogModuleManager: Shutting down and abandoning module CollectionManager (598)
[2018.10.16-05.36.30:104][401]LogModuleManager: Shutting down and abandoning module FoliageEdit (596)
[2018.10.16-05.36.30:112][401]LogModuleManager: Shutting down and abandoning module LandscapeEditor (594)
[2018.10.16-05.36.30:146][401]LogModuleManager: Shutting down and abandoning module MeshPaintMode (592)
[2018.10.16-05.36.30:150][401]LogModuleManager: Shutting down and abandoning module SceneDepthPickerMode (590)
[2018.10.16-05.36.30:150][401]LogModuleManager: Shutting down and abandoning module ActorPickerMode (588)
[2018.10.16-05.36.30:151][401]LogModuleManager: Shutting down and abandoning module GeometryMode (586)
[2018.10.16-05.36.30:151][401]LogModuleManager: Shutting down and abandoning module TextureAlignMode (584)
[2018.10.16-05.36.30:151][401]LogModuleManager: Shutting down and abandoning module BspMode (582)
[2018.10.16-05.36.30:151][401]LogModuleManager: Shutting down and abandoning module PIEPreviewDeviceProfileSelector (580)
[2018.10.16-05.36.30:151][401]LogModuleManager: Shutting down and abandoning module SequenceRecorderSections (578)
[2018.10.16-05.36.30:151][401]LogModuleManager: Shutting down and abandoning module AutomationWorker (576)
[2018.10.16-05.36.30:151][401]LogModuleManager: Shutting down and abandoning module AudioCaptureEditor (574)
[2018.10.16-05.36.30:151][401]LogModuleManager: Shutting down and abandoning module SequenceRecorder (573)
[2018.10.16-05.36.30:158][401]LogModuleManager: Shutting down and abandoning module MatineeToLevelSequence (570)
[2018.10.16-05.36.30:164][401]LogModuleManager: Shutting down and abandoning module LevelSequenceEditor (568)
[2018.10.16-05.36.30:180][401]LogModuleManager: Shutting down and abandoning module PlacementMode (567)
[2018.10.16-05.36.30:180][401]LogModuleManager: Shutting down and abandoning module MaterialEditor (566)
[2018.10.16-05.36.30:180][401]LogModuleManager: Shutting down and abandoning module WmfMediaFactory (562)
[2018.10.16-05.36.30:180][401]LogModuleManager: Shutting down and abandoning module WmfMediaEditor (560)
[2018.10.16-05.36.30:181][401]LogModuleManager: Shutting down and abandoning module MediaPlayerEditor (558)
[2018.10.16-05.36.30:202][401]LogModuleManager: Shutting down and abandoning module OpenExrWrapper (556)
[2018.10.16-05.36.30:202][401]LogModuleManager: Shutting down and abandoning module ImgMediaFactory (554)
[2018.10.16-05.36.30:202][401]LogModuleManager: Shutting down and abandoning module ImgMediaEditor (552)
[2018.10.16-05.36.30:202][401]LogModuleManager: Shutting down and abandoning module AvfMediaFactory (550)
[2018.10.16-05.36.30:202][401]LogModuleManager: Shutting down and abandoning module AvfMediaEditor (548)
[2018.10.16-05.36.30:202][401]LogModuleManager: Shutting down and abandoning module AndroidMediaFactory (546)
[2018.10.16-05.36.30:202][401]LogModuleManager: Shutting down and abandoning module AndroidMediaEditor (544)
[2018.10.16-05.36.30:202][401]LogModuleManager: Shutting down and abandoning module MagicLeapCameraPreviewFactory (542)
[2018.10.16-05.36.30:202][401]LogModuleManager: Shutting down and abandoning module MagicLeapMediaFactory (540)
[2018.10.16-05.36.30:203][401]LogModuleManager: Shutting down and abandoning module MagicLeapMediaEditor (538)
[2018.10.16-05.36.30:203][401]LogModuleManager: Shutting down and abandoning module CharacterAI (536)
[2018.10.16-05.36.30:203][401]LogModuleManager: Shutting down and abandoning module SmartSnapping (534)
[2018.10.16-05.36.30:203][401]LogModuleManager: Shutting down and abandoning module SessionServices (532)
[2018.10.16-05.36.30:203][401]LogModuleManager: Shutting down and abandoning module ViewportSnapping (530)
[2018.10.16-05.36.30:203][401]LogModuleManager: Shutting down and abandoning module ViewportInteraction (528)
[2018.10.16-05.36.30:203][401]LogModuleManager: Shutting down and abandoning module ClothPainter (526)
[2018.10.16-05.36.30:225][401]LogModuleManager: Shutting down and abandoning module SkeletalMeshEditor (525)
[2018.10.16-05.36.30:243][401]LogModuleManager: Shutting down and abandoning module LogVisualizer (522)
[2018.10.16-05.36.30:269][401]LogModuleManager: Shutting down and abandoning module IntroTutorials (520)
[2018.10.16-05.36.30:297][401]LogModuleManager: Shutting down and abandoning module GameProjectGeneration (519)
[2018.10.16-05.36.30:297][401]LogModuleManager: Shutting down and abandoning module LuminPlatformEditor (516)
[2018.10.16-05.36.30:297][401]LogModuleManager: Shutting down and abandoning module IOSPlatformEditor (514)
[2018.10.16-05.36.30:302][401]LogModuleManager: Shutting down and abandoning module HTML5PlatformEditor (512)
[2018.10.16-05.36.30:302][401]LogModuleManager: Shutting down and abandoning module AndroidPlatformEditor (510)
[2018.10.16-05.36.30:302][401]LogModuleManager: Shutting down and abandoning module AndroidDeviceDetection (509)
[2018.10.16-05.36.31:624][401]LogModuleManager: Shutting down and abandoning module WindowsPlatformEditor (506)
[2018.10.16-05.36.31:624][401]LogModuleManager: Shutting down and abandoning module LuminRuntimeSettings (504)
[2018.10.16-05.36.31:624][401]LogModuleManager: Shutting down and abandoning module IOSRuntimeSettings (502)
[2018.10.16-05.36.31:624][401]LogModuleManager: Shutting down and abandoning module AndroidRuntimeSettings (500)
[2018.10.16-05.36.31:624][401]LogModuleManager: Shutting down and abandoning module InputBindingEditor (498)
[2018.10.16-05.36.31:643][401]LogModuleManager: Shutting down and abandoning module MergeActors (496)
[2018.10.16-05.36.31:655][401]LogModuleManager: Shutting down and abandoning module LocalizationDashboard (494)
[2018.10.16-05.36.31:672][401]LogModuleManager: Shutting down and abandoning module LocalizationService (493)
[2018.10.16-05.36.31:682][401]LogModuleManager: Shutting down and abandoning module HardwareTargeting (490)
[2018.10.16-05.36.31:682][401]LogModuleManager: Shutting down and abandoning module DeviceProfileEditor (488)
[2018.10.16-05.36.31:682][401]LogModuleManager: Shutting down and abandoning module UndoHistory (486)
[2018.10.16-05.36.31:693][401]LogModuleManager: Shutting down and abandoning module XmlParser (484)
[2018.10.16-05.36.31:693][401]LogModuleManager: Shutting down and abandoning module Blutility (482)
[2018.10.16-05.36.31:706][401]LogModuleManager: Shutting down and abandoning module ProjectSettingsViewer (480)
[2018.10.16-05.36.31:706][401]LogModuleManager: Shutting down and abandoning module ProjectTargetPlatformEditor (479)
[2018.10.16-05.36.31:706][401]LogModuleManager: Shutting down and abandoning module EditorSettingsViewer (476)
[2018.10.16-05.36.31:706][401]LogModuleManager: Shutting down and abandoning module SettingsEditor (474)
[2018.10.16-05.36.31:731][401]LogModuleManager: Shutting down and abandoning module ProjectLauncher (472)
[2018.10.16-05.36.31:755][401]LogModuleManager: Shutting down and abandoning module SessionFrontend (470)
[2018.10.16-05.36.31:768][401]LogModuleManager: Shutting down and abandoning module ProfilerClient (468)
[2018.10.16-05.36.31:789][401]LogModuleManager: Shutting down and abandoning module DeviceManager (466)
[2018.10.16-05.36.31:816][401]LogModuleManager: Shutting down and abandoning module TargetDeviceServices (465)
[2018.10.16-05.36.31:940][401]LogModuleManager: Shutting down and abandoning module AutomationController (462)
[2018.10.16-05.36.31:952][401]LogModuleManager: Shutting down and abandoning module AutomationWindow (460)
[2018.10.16-05.36.31:962][401]LogModuleManager: Shutting down and abandoning module Layers (458)
[2018.10.16-05.36.31:987][401]LogModuleManager: Shutting down and abandoning module ComponentVisualizers (456)
[2018.10.16-05.36.31:987][401]LogModuleManager: Shutting down and abandoning module DetailCustomizations (454)
[2018.10.16-05.36.31:996][401]LogModuleManager: Shutting down and abandoning module PackagesDialog (452)
[2018.10.16-05.36.32:022][401]LogModuleManager: Shutting down and abandoning module Persona (450)
[2018.10.16-05.36.32:053][401]LogModuleManager: Shutting down and abandoning module AdvancedPreviewScene (449)
[2018.10.16-05.36.32:053][401]LogModuleManager: Shutting down and abandoning module AnimGraph (447)
[2018.10.16-05.36.32:053][401]LogModuleManager: Shutting down and abandoning module Kismet (444)
[2018.10.16-05.36.32:086][401]LogModuleManager: Shutting down and abandoning module GraphEditor (442)
[2018.10.16-05.36.32:086][401]LogModuleManager: Shutting down and abandoning module ClassViewer (440)
[2018.10.16-05.36.32:086][401]LogModuleManager: Shutting down and abandoning module Toolbox (438)
[2018.10.16-05.36.32:086][401]LogModuleManager: Shutting down and abandoning module ModuleUI (436)
[2018.10.16-05.36.32:099][401]LogModuleManager: Shutting down and abandoning module MovieSceneTools (434)
[2018.10.16-05.36.32:130][401]LogModuleManager: Shutting down and abandoning module OutputLog (432)
[2018.10.16-05.36.32:130][401]LogModuleManager: Shutting down and abandoning module GammaUI (430)
[2018.10.16-05.36.32:140][401]LogModuleManager: Shutting down and abandoning module Documentation (428)
[2018.10.16-05.36.32:140][401]LogModuleManager: Shutting down and abandoning module MovieSceneTracks (426)
[2018.10.16-05.36.32:140][401]LogModuleManager: Shutting down and abandoning module MovieScene (424)
[2018.10.16-05.36.32:140][401]LogModuleManager: Shutting down and abandoning module StreamingPauseRendering (422)
[2018.10.16-05.36.32:140][401]LogModuleManager: Shutting down and abandoning module LauncherPlatform (420)
[2018.10.16-05.36.32:140][401]LogModuleManager: Shutting down and abandoning module AnalyticsET (418)
[2018.10.16-05.36.32:140][401]LogModuleManager: Shutting down and abandoning module PortalServices (416)
[2018.10.16-05.36.32:140][401]LogModuleManager: Shutting down and abandoning module PortalRpc (414)
[2018.10.16-05.36.32:141][401]LogModuleManager: Shutting down and abandoning module MessagingRpc (412)
[2018.10.16-05.36.32:141][401]LogModuleManager: Shutting down and abandoning module AIModule (410)
[2018.10.16-05.36.32:148][401]LogModuleManager: Shutting down and abandoning module GameplayDebugger (409)
[2018.10.16-05.36.32:159][401]LogModuleManager: Shutting down and abandoning module AITestSuite (407)
[2018.10.16-05.36.32:171][401]LogModuleManager: Shutting down and abandoning module NavigationSystem (405)
[2018.10.16-05.36.32:171][401]LogModuleManager: Shutting down and abandoning module DesktopPlatform (402)
[2018.10.16-05.36.32:171][401]LogModuleManager: Shutting down and abandoning module ProfilerService (400)
[2018.10.16-05.36.32:187][401]LogModuleManager: Shutting down and abandoning module TaskGraph (398)
[2018.10.16-05.36.32:199][401]LogModuleManager: Shutting down and abandoning module SteamVRController (396)
[2018.10.16-05.36.32:199][401]LogModuleManager: Shutting down and abandoning module ProceduralMeshComponentEditor (394)
[2018.10.16-05.36.32:199][401]LogModuleManager: Shutting down and abandoning module ProceduralMeshComponent (392)
[2018.10.16-05.36.32:207][401]LogModuleManager: Shutting down and abandoning module OculusInput (390)
[2018.10.16-05.36.32:207][401]LogModuleManager: Shutting down and abandoning module MobilePatchingUtils (388)
[2018.10.16-05.36.32:207][401]LogModuleManager: Shutting down and abandoning module EditableMesh (386)
[2018.10.16-05.36.32:211][401]LogModuleManager: Shutting down and abandoning module CustomMeshComponent (384)
[2018.10.16-05.36.32:211][401]LogModuleManager: Shutting down and abandoning module CableComponent (382)
[2018.10.16-05.36.32:211][401]LogModuleManager: Shutting down and abandoning module AudioCapture (380)
[2018.10.16-05.36.32:211][401]LogModuleManager: Shutting down and abandoning module ArchVisCharacter (378)
[2018.10.16-05.36.32:211][401]LogModuleManager: Shutting down and abandoning module AndroidPermission (376)
[2018.10.16-05.36.32:211][401]LogModuleManager: Shutting down and abandoning module NUTUnrealEngine4 (374)
[2018.10.16-05.36.32:211][401]LogModuleManager: Shutting down and abandoning module NetcodeUnitTest (372)
[2018.10.16-05.36.32:233][401]LogModuleManager: Shutting down and abandoning module MediaCompositingEditor (370)
[2018.10.16-05.36.32:233][401]LogModuleManager: Shutting down and abandoning module MediaCompositing (368)
[2018.10.16-05.36.32:233][401]LogModuleManager: Shutting down and abandoning module LinearTimecode (366)
[2018.10.16-05.36.32:233][401]LogModuleManager: Shutting down and abandoning module ImgMedia (364)
[2018.10.16-05.36.32:245][401]LogModuleManager: Shutting down and abandoning module HTML5Networking (362)
[2018.10.16-05.36.32:245][401]LogModuleManager: Shutting down and abandoning module GeometryCacheTracks (360)
[2018.10.16-05.36.32:246][401]LogModuleManager: Shutting down and abandoning module GeometryCacheSequencer (358)
[2018.10.16-05.36.32:246][401]LogModuleManager: Shutting down and abandoning module BackChannel (356)
[2018.10.16-05.36.32:259][401]LogModuleManager: Shutting down and abandoning module AppleVision (354)
[2018.10.16-05.36.32:259][401]LogModuleManager: Shutting down and abandoning module AppleImageUtils (352)
[2018.10.16-05.36.32:259][401]LogModuleManager: Shutting down and abandoning module AlembicImporter (350)
[2018.10.16-05.36.32:260][401]LogModuleManager: Shutting down and abandoning module AlembicLibrary (349)
[2018.10.16-05.36.32:260][401]LogModuleManager: Shutting down and abandoning module GeometryCache (348)
[2018.10.16-05.36.32:260][401]LogModuleManager: Shutting down and abandoning module GeometryCacheEd (347)
[2018.10.16-05.36.32:260][401]LogModuleManager: Shutting down and abandoning module DatasmithContentEditor (342)
[2018.10.16-05.36.32:260][401]LogModuleManager: Shutting down and abandoning module DatasmithContent (340)
[2018.10.16-05.36.32:261][401]LogModuleManager: Shutting down and abandoning module SpeedTreeImporter (338)
[2018.10.16-05.36.32:261][401]LogModuleManager: Shutting down and abandoning module PluginBrowser (336)
[2018.10.16-05.36.32:287][401]LogModuleManager: Shutting down and abandoning module MobileLauncherProfileWizard (334)
[2018.10.16-05.36.32:299][401]LogModuleManager: Shutting down and abandoning module PolygonModeling (332)
[2018.10.16-05.36.32:300][401]LogModuleManager: Shutting down and abandoning module MeshEditor (330)
[2018.10.16-05.36.32:311][401]LogModuleManager: Shutting down and abandoning module CryptoKeysOpenSSL (328)
[2018.10.16-05.36.32:315][401]LogModuleManager: Shutting down and abandoning module CryptoKeys (326)
[2018.10.16-05.36.32:316][401]LogModuleManager: Shutting down and abandoning module VisualStudioSourceCodeAccess (324)
[2018.10.16-05.36.32:316][401]LogModuleManager: Shutting down and abandoning module VisualStudioCodeSourceCodeAccess (322)
[2018.10.16-05.36.32:316][401]LogModuleManager: Shutting down and abandoning module UObjectPlugin (320)
[2018.10.16-05.36.32:316][401]LogModuleManager: Shutting down and abandoning module SubversionSourceControl (318)
[2018.10.16-05.36.32:326][401]LogModuleManager: Shutting down and abandoning module PerforceSourceControl (316)
[2018.10.16-05.36.32:338][401]LogModuleManager: Shutting down and abandoning module GitSourceControl (314)
[2018.10.16-05.36.32:352][401]LogModuleManager: Shutting down and abandoning module SourceControl (313)
[2018.10.16-05.36.32:353][401]LogModuleManager: Shutting down and abandoning module CLionSourceCodeAccess (310)
[2018.10.16-05.36.32:353][401]LogModuleManager: Shutting down and abandoning module LightPropagationVolumeEditor (308)
[2018.10.16-05.36.32:353][401]LogModuleManager: Shutting down and abandoning module PaperTiledImporter (306)
[2018.10.16-05.36.32:353][401]LogModuleManager: Shutting down and abandoning module PaperSpriteSheetImporter (304)
[2018.10.16-05.36.32:353][401]LogModuleManager: Shutting down and abandoning module Paper2DEditor (302)
[2018.10.16-05.36.32:365][401]LogModuleManager: Shutting down and abandoning module MeshPaint (301)
[2018.10.16-05.36.32:372][401]LogModuleManager: Shutting down and abandoning module RuntimePhysXCooking (298)
[2018.10.16-05.36.32:372][401]LogModuleManager: Shutting down and abandoning module PhysXVehiclesEditor (296)
[2018.10.16-05.36.32:372][401]LogModuleManager: Shutting down and abandoning module PhysXVehicles (294)
[2018.10.16-05.36.32:372][401]LogModuleManager: Shutting down and abandoning module OculusEditor (292)
[2018.10.16-05.36.32:381][401]LogModuleManager: Shutting down and abandoning module LocationServicesBPLibrary (290)
[2018.10.16-05.36.32:382][401]LogModuleManager: Shutting down and abandoning module ImmediatePhysicsEditor (288)
[2018.10.16-05.36.32:382][401]LogModuleManager: Shutting down and abandoning module ImmediatePhysics (286)
[2018.10.16-05.36.32:386][401]LogModuleManager: Shutting down and abandoning module ActorSequence (284)
[2018.10.16-05.36.32:386][401]LogModuleManager: Shutting down and abandoning module UdpMessaging (282)
[2018.10.16-05.36.32:488][401]LogModuleManager: Shutting down and abandoning module TcpMessaging (280)
[2018.10.16-05.36.32:604][401]LogModuleManager: Shutting down and abandoning module MagicLeapAudio (278)
[2018.10.16-05.36.32:606][401]LogModuleManager: Shutting down and abandoning module GameplayTagsEditor (276)
[2018.10.16-05.36.32:636][401]LogModuleManager: Shutting down and abandoning module FacialAnimationEditor (274)
[2018.10.16-05.36.32:636][401]LogModuleManager: Shutting down and abandoning module FacialAnimation (272)
[2018.10.16-05.36.32:636][401]LogModuleManager: Shutting down and abandoning module DataValidation (270)
[2018.10.16-05.36.32:636][401]LogModuleManager: Shutting down and abandoning module AssetManagerEditor (268)
[2018.10.16-05.36.32:655][401]LogModuleManager: Shutting down and abandoning module LevelEditor (267)
[2018.10.16-05.36.32:677][401]LogModuleManager: Shutting down and abandoning module PixelInspectorModule (266)
[2018.10.16-05.36.32:685][401]LogModuleManager: Shutting down and abandoning module CommonMenuExtensions (264)
[2018.10.16-05.36.32:686][401]LogModuleManager: Shutting down and abandoning module MainFrame (262)
[2018.10.16-05.36.32:696][401]LogModuleManager: Shutting down and abandoning module HotReload (261)
[2018.10.16-05.36.32:697][401]LogModuleManager: Shutting down and abandoning module ContentBrowser (257)
[2018.10.16-05.36.32:699][401]LogModuleManager: Shutting down and abandoning module TreeMap (255)
[2018.10.16-05.36.32:719][401]LogModuleManager: Shutting down and abandoning module LightPropagationVolumeRuntime (252)
[2018.10.16-05.36.32:720][401]LogModuleManager: Shutting down and abandoning module AISupportModule (250)
[2018.10.16-05.36.32:720][401]LogModuleManager: Shutting down and abandoning module Paper2D (248)
[2018.10.16-05.36.32:732][401]LogModuleManager: Shutting down and abandoning module WindowsMoviePlayer (246)
[2018.10.16-05.36.32:746][401]LogModuleManager: Shutting down and abandoning module WmfMedia (244)
[2018.10.16-05.36.32:758][401]LogModuleManager: Shutting down and abandoning module Media (243)
[2018.10.16-05.36.32:765][401]LogModuleManager: Shutting down and abandoning module PacketHandler (240)
[2018.10.16-05.36.32:765][401]LogModuleManager: Shutting down and abandoning module ClothingSystemEditor (238)
[2018.10.16-05.36.32:765][401]LogModuleManager: Shutting down and abandoning module ClothingSystemRuntime (236)
[2018.10.16-05.36.32:782][401]LogModuleManager: Shutting down and abandoning module MediaAssets (234)
[2018.10.16-05.36.32:782][401]LogModuleManager: Shutting down and abandoning module Overlay (232)
[2018.10.16-05.36.32:782][401]LogModuleManager: Shutting down and abandoning module OverlayEditor (231)
[2018.10.16-05.36.32:783][401]LogModuleManager: Shutting down and abandoning module VREditor (228)
[2018.10.16-05.36.32:851][401]LogModuleManager: Shutting down and abandoning module StringTableEditor (226)
[2018.10.16-05.36.32:878][401]LogModuleManager: Shutting down and abandoning module GameplayTasksEditor (224)
[2018.10.16-05.36.32:878][401]LogModuleManager: Shutting down and abandoning module BehaviorTreeEditor (222)
[2018.10.16-05.36.32:920][401]LogModuleManager: Shutting down and abandoning module FunctionalTesting (220)
[2018.10.16-05.36.32:935][401]LogModuleManager: Shutting down and abandoning module CollisionAnalyzer (218)
[2018.10.16-05.36.32:958][401]LogModuleManager: Shutting down and abandoning module WorkspaceMenuStructure (217)
[2018.10.16-05.36.32:959][401]LogModuleManager: Shutting down and abandoning module UMG (214)
[2018.10.16-05.36.32:985][401]LogModuleManager: Shutting down and abandoning module UMGEditor (213)
[2018.10.16-05.36.33:038][401]LogModuleManager: Shutting down and abandoning module Sequencer (212)
[2018.10.16-05.36.33:057][401]LogModuleManager: Shutting down and abandoning module MessageLog (209)
[2018.10.16-05.36.33:057][401]LogModuleManager: Shutting down and abandoning module SlateReflector (204)
[2018.10.16-05.36.33:138][401]LogModuleManager: Shutting down and abandoning module Slate (202)
[2018.10.16-05.36.33:138][401]LogModuleManager: Shutting down and abandoning module EditorStyle (200)
[2018.10.16-05.36.33:142][401]LogModuleManager: Shutting down and abandoning module MRMesh (198)
[2018.10.16-05.36.33:142][401]LogModuleManager: Shutting down and abandoning module SourceCodeAccess (196)
[2018.10.16-05.36.33:142][401]LogModuleManager: Shutting down and abandoning module HeadMountedDisplay (194)
[2018.10.16-05.36.33:142][401]LogModuleManager: Shutting down and abandoning module XAudio2 (192)
[2018.10.16-05.36.33:142][401]LogModuleManager: Shutting down and abandoning module Networking (190)
[2018.10.16-05.36.33:142][401]LogModuleManager: Shutting down and abandoning module Core (188)
[2018.10.16-05.36.33:142][401]LogModuleManager: Shutting down and abandoning module LevelSequence (186)
[2018.10.16-05.36.33:143][401]LogModuleManager: Shutting down and abandoning module KismetCompiler (184)
[2018.10.16-05.36.33:143][401]LogModuleManager: Shutting down and abandoning module MeshUtilities (182)
[2018.10.16-05.36.33:184][401]LogModuleManager: Shutting down and abandoning module MeshMergeUtilities (181)
[2018.10.16-05.36.33:190][401]LogModuleManager: Shutting down and abandoning module MeshReductionInterface (180)
[2018.10.16-05.36.33:190][401]LogModuleManager: Shutting down and abandoning module SimplygonSwarm (179)
[2018.10.16-05.36.33:194][401]LogModuleManager: Shutting down and abandoning module ProxyLODMeshReduction (177)
[2018.10.16-05.36.33:210][401]LogModuleManager: Shutting down and abandoning module SimplygonMeshReduction (175)
[2018.10.16-05.36.33:210][401]LogModuleManager: Shutting down and abandoning module QuadricMeshReduction (173)
[2018.10.16-05.36.33:222][401]LogModuleManager: Shutting down and abandoning module MaterialBaking (169)
[2018.10.16-05.36.33:222][401]LogModuleManager: Shutting down and abandoning module DirectoryWatcher (165)
[2018.10.16-05.36.33:223][401]LogModuleManager: Shutting down and abandoning module DerivedDataCache (162)
[2018.10.16-05.36.33:316][401]LogDerivedDataCache: Shutdown
[2018.10.16-05.36.33:316][401]LogModuleManager: Shutting down and abandoning module XGEController (160)
[2018.10.16-05.36.33:316][401]LogModuleManager: Shutting down and abandoning module TargetPlatform (158)
[2018.10.16-05.36.33:316][401]LogModuleManager: Shutting down and abandoning module VulkanShaderFormat (157)
[2018.10.16-05.36.33:336][401]LogModuleManager: Shutting down and abandoning module ShaderFormatVectorVM (155)
[2018.10.16-05.36.33:336][401]LogModuleManager: Shutting down and abandoning module ShaderFormatOpenGL (153)
[2018.10.16-05.36.33:351][401]LogModuleManager: Shutting down and abandoning module ShaderFormatD3D (151)
[2018.10.16-05.36.33:351][401]LogModuleManager: Shutting down and abandoning module MetalShaderFormat (149)
[2018.10.16-05.36.33:361][401]LogModuleManager: Shutting down and abandoning module TextureFormatUncompressed (147)
[2018.10.16-05.36.33:361][401]LogModuleManager: Shutting down and abandoning module TextureFormatPVR (145)
[2018.10.16-05.36.33:361][401]LogModuleManager: Shutting down and abandoning module TextureFormatDXT (143)
[2018.10.16-05.36.33:361][401]LogModuleManager: Shutting down and abandoning module TextureFormatIntelISPCTexComp (141)
[2018.10.16-05.36.33:362][401]LogModuleManager: Shutting down and abandoning module TextureFormatASTC (139)
[2018.10.16-05.36.33:362][401]LogModuleManager: Shutting down and abandoning module ImageWrapper (138)
[2018.10.16-05.36.33:362][401]LogModuleManager: Shutting down and abandoning module TextureFormatAndroid (135)
[2018.10.16-05.36.33:362][401]LogModuleManager: Shutting down and abandoning module AudioFormatOpus (133)
[2018.10.16-05.36.33:362][401]LogModuleManager: Shutting down and abandoning module AudioFormatOgg (131)
[2018.10.16-05.36.33:362][401]LogModuleManager: Shutting down and abandoning module AudioFormatADPCM (129)
[2018.10.16-05.36.33:362][401]LogModuleManager: Shutting down and abandoning module LuminTargetPlatform (127)
[2018.10.16-05.36.33:362][401]LogModuleManager: Shutting down and abandoning module LinuxTargetPlatform (125)
[2018.10.16-05.36.33:363][401]LogModuleManager: Shutting down and abandoning module LinuxServerTargetPlatform (123)
[2018.10.16-05.36.33:363][401]LogModuleManager: Shutting down and abandoning module LinuxNoEditorTargetPlatform (121)
[2018.10.16-05.36.33:363][401]LogModuleManager: Shutting down and abandoning module LinuxClientTargetPlatform (119)
[2018.10.16-05.36.33:363][401]LogModuleManager: Shutting down and abandoning module TVOSTargetPlatform (117)
[2018.10.16-05.36.33:377][401]LogModuleManager: Shutting down and abandoning module Messaging (115)
[2018.10.16-05.36.33:377][401]LogModuleManager: Shutting down and abandoning module IOSTargetPlatform (113)
[2018.10.16-05.36.33:387][401]LogModuleManager: Shutting down and abandoning module HTML5TargetPlatform (111)
[2018.10.16-05.36.33:387][401]LogModuleManager: Shutting down and abandoning module AndroidTargetPlatform (109)
[2018.10.16-05.36.33:424][401]LogModuleManager: Shutting down and abandoning module WindowsTargetPlatform (107)
[2018.10.16-05.36.33:424][401]LogModuleManager: Shutting down and abandoning module WindowsServerTargetPlatform (105)
[2018.10.16-05.36.33:424][401]LogModuleManager: Shutting down and abandoning module WindowsNoEditorTargetPlatform (103)
[2018.10.16-05.36.33:424][401]LogModuleManager: Shutting down and abandoning module WindowsClientTargetPlatform (101)
[2018.10.16-05.36.33:424][401]LogModuleManager: Shutting down and abandoning module MacTargetPlatform (99)
[2018.10.16-05.36.33:424][401]LogModuleManager: Shutting down and abandoning module MacServerTargetPlatform (97)
[2018.10.16-05.36.33:424][401]LogModuleManager: Shutting down and abandoning module MacNoEditorTargetPlatform (95)
[2018.10.16-05.36.33:424][401]LogModuleManager: Shutting down and abandoning module MacClientTargetPlatform (93)
[2018.10.16-05.36.33:424][401]LogModuleManager: Shutting down and abandoning module AllDesktopTargetPlatform (91)
[2018.10.16-05.36.33:425][401]LogModuleManager: Shutting down and abandoning module InputCore (88)
[2018.10.16-05.36.33:425][401]LogModuleManager: Shutting down and abandoning module Settings (86)
[2018.10.16-05.36.33:425][401]LogModuleManager: Shutting down and abandoning module PhysXCooking (84)
[2018.10.16-05.36.33:425][401]LogModuleManager: Shutting down and abandoning module SteamVR (82)
[2018.10.16-05.36.33:425][401]LogModuleManager: Shutting down and abandoning module OculusHMD (80)
[2018.10.16-05.36.33:437][401]LogModuleManager: Shutting down and abandoning module ExampleDeviceProfileSelector (78)
[2018.10.16-05.36.33:437][401]LogModuleManager: Shutting down and abandoning module LauncherChunkInstaller (76)
[2018.10.16-05.36.33:437][401]LogModuleManager: Shutting down and abandoning module OnlineBlueprintSupport (74)
[2018.10.16-05.36.33:437][401]LogModuleManager: Shutting down and abandoning module OnlineSubsystem (70)
[2018.10.16-05.36.33:472][401]LogModuleManager: Shutting down and abandoning module XMPP (65)
[2018.10.16-05.36.33:498][401]LogModuleManager: Shutting down and abandoning module WebSockets (64)
[2018.10.16-05.36.33:551][401]LogModuleManager: Shutting down and abandoning module HTTP (61)
[2018.10.16-05.36.33:551][401]LogHttp: Display: Http module shutting down, but needs to wait on 1 outstanding Http requests:
[2018.10.16-05.36.33:551][401]LogHttp: Display: 	verb=[POST] url=[https://datarouter.ol.epicgames.com/datarouter/api/v1/public/data?SessionID=%7BB6DFDFEE-4C09-B5AA-A8A3-648FF48FCCC3%7D&AppID=UEEditor.Rocket.Release&AppVersion=4.20.2-4302132%2B%2B%2BUE4%2BRelease-4.20&UserID=779fe8de49c0434d0eac00afe873caba%7C7e15e822cf6c4870aea81b91375556a8%7C5a61807d-7ddc-4b04-a0f1-95c13ee6fad7&AppEnvironment=datacollector-binary&UploadType=eteventstream] status=Processing
[2018.10.16-05.36.33:557][401]LogModuleManager: Shutting down and abandoning module SSL (60)
[2018.10.16-05.36.33:566][401]LogModuleManager: Shutting down and abandoning module MagicLeapEmulator (56)
[2018.10.16-05.36.33:566][401]LogModuleManager: Shutting down and abandoning module MagicLeapPrivileges (54)
[2018.10.16-05.36.33:567][401]LogModuleManager: Shutting down and abandoning module MagicLeapIdentity (52)
[2018.10.16-05.36.33:567][401]LogModuleManager: Shutting down and abandoning module MagicLeapHelperVulkan (50)
[2018.10.16-05.36.33:567][401]LogModuleManager: Shutting down and abandoning module MagicLeapHelperOpenGL (48)
[2018.10.16-05.36.33:567][401]LogModuleManager: Shutting down and abandoning module MagicLeapSecureStorage (46)
[2018.10.16-05.36.33:567][401]LogModuleManager: Shutting down and abandoning module MagicLeapGestures (44)
[2018.10.16-05.36.33:567][401]LogModuleManager: Shutting down and abandoning module MagicLeapEyeTracker (42)
[2018.10.16-05.36.33:567][401]LogModuleManager: Shutting down and abandoning module MagicLeapController (40)
[2018.10.16-05.36.33:568][401]LogSlate: Slate User Destroyed.  User Index 0, Is Virtual User: 0
[2018.10.16-05.36.33:568][401]LogModuleManager: Shutting down and abandoning module MagicLeap (38)
[2018.10.16-05.36.33:568][401]LogModuleManager: Shutting down and abandoning module AnimationModifiers (36)
[2018.10.16-05.36.33:621][401]LogModuleManager: Shutting down and abandoning module PropertyEditor (35)
[2018.10.16-05.36.33:651][401]LogModuleManager: Shutting down and abandoning module AudioEditor (32)
[2018.10.16-05.36.33:735][401]LogModuleManager: Shutting down and abandoning module TextureCompressor (30)
[2018.10.16-05.36.33:735][401]LogModuleManager: Shutting down and abandoning module ShaderCore (28)
[2018.10.16-05.36.33:735][401]LogModuleManager: Shutting down and abandoning module Landscape (26)
[2018.10.16-05.36.33:735][401]LogModuleManager: Shutting down and abandoning module SlateRHIRenderer (24)
[2018.10.16-05.36.33:736][401]LogModuleManager: Shutting down and abandoning module OpenGLDrv (22)
[2018.10.16-05.36.33:759][401]LogModuleManager: Shutting down and abandoning module D3D11RHI (20)
[2018.10.16-05.36.33:759][401]LogModuleManager: Shutting down and abandoning module AnimGraphRuntime (18)
[2018.10.16-05.36.33:759][401]LogModuleManager: Shutting down and abandoning module Renderer (16)
[2018.10.16-05.36.33:759][401]LogModuleManager: Shutting down and abandoning module Engine (14)
[2018.10.16-05.36.33:759][401]LogModuleManager: Shutting down and abandoning module CoreUObject (12)
[2018.10.16-05.36.33:759][401]LogModuleManager: Shutting down and abandoning module NetworkFile (10)
[2018.10.16-05.36.33:787][401]LogModuleManager: Shutting down and abandoning module CookedIterativeFile (8)
[2018.10.16-05.36.33:787][401]LogModuleManager: Shutting down and abandoning module StreamingFile (6)
[2018.10.16-05.36.33:787][401]LogModuleManager: Shutting down and abandoning module SandboxFile (4)
[2018.10.16-05.36.33:787][401]LogModuleManager: Shutting down and abandoning module PakFile (2)
[2018.10.16-05.36.33:794][401]LogExit: Exiting.
[2018.10.16-05.36.33:815][401]Log file closed, 10/15/18 23:36:33
